<?xml version="1.0" encoding="UTF-8"?>
<!-- Generated by org.testng.reporters.JUnitReportReporter -->
<testsuite ignored="0" hostname="DF-1418-01" failures="0" tests="1" name="loginTest.TC_01_CorrectLogin" time="3.730" errors="0" timestamp="28 Oct 2021 23:25:39 GMT" skipped="0">
  <testcase classname="loginTest.TC_01_CorrectLogin" name="TC_01" time="3.730"/>
</testsuite> <!-- loginTest.TC_01_CorrectLogin -->
