<?xml version="1.0" encoding="UTF-8"?>
<!-- Generated by org.testng.reporters.JUnitReportReporter -->
<testsuite ignored="0" hostname="DF-1418-01" failures="0" tests="1" name="loginTest.TC_03_Logout" time="4.041" errors="0" timestamp="29 Oct 2021 22:15:39 GMT" skipped="0">
  <testcase classname="loginTest.TC_03_Logout" name="TC_03" time="4.041"/>
</testsuite> <!-- loginTest.TC_03_Logout -->
