<?xml version="1.0" encoding="UTF-8"?>
<!-- Generated by org.testng.reporters.JUnitReportReporter -->
<testsuite ignored="0" hostname="DF-1418-01" failures="0" tests="1" name="Test.TestNGEj" time="0.010" errors="0" timestamp="16 Jun 2021 22:18:25 GMT" skipped="0">
  <testcase classname="Test.TestNGEj" name="f" time="0.010"/>
</testsuite> <!-- Test.TestNGEj -->
