<?xml version="1.0" encoding="UTF-8"?>
<!-- Generated by org.testng.reporters.JUnitReportReporter -->
<testsuite ignored="0" hostname="DF-1418-01" failures="0" tests="1" name="loginTest.TC_02_IncorrectLogin" time="1.261" errors="0" timestamp="13 Oct 2021 22:20:38 GMT" skipped="0">
  <testcase classname="loginTest.TC_02_IncorrectLogin" name="TC_02" time="1.261"/>
</testsuite> <!-- loginTest.TC_02_IncorrectLogin -->
